Ordenado por nome ---- 
{ id: 27, name: Adnilton Nunes Vasconcelos, email: adnilton@ravefan.com, age: 79, weight: 83.930000}
{ id: 12, name: Adriani Pinto Moura Paris, email: adriani@spambox.us, age: 35, weight: 89.690000}
{ id: 6, name: Alerrandro Jesus Santos Lopes, email: alerrandro@the-astronaut.com, age: 20, weight: 54.690000}
{ id: 23, name: Aliria Santos Portela, email: aliria@the-chinese.com, age: 11, weight: 50.790000}
{ id: 17, name: Arismar Mello Salazar, email: arismar@emailaddresses.com, age: 70, weight: 82.340000}
{ id: 26, name: Celestina Vasconcelos Brites Machado, email: celestina@optician.com, age: 71, weight: 105.870000}
{ id: 1, name: Delvina Leiria Ferreira, email: delvina@mail2handhelds.com, age: 76, weight: 18.460000}
{ id: 2, name: Emily Ornélas Jesus, email: emily@2prong.com, age: 31, weight: 78.930000}
{ id: 4, name: Erly Moura Pacheco, email: erly@lefortovo.net, age: 32, weight: 102.810000}
{ id: 29, name: Euder Soares Xavier, email: euder@macfreak.com, age: 56, weight: 37.940000}
{ id: 3, name: Eusa Morais Aguiar Flores, email: eusa@xtram.com, age: 28, weight: 18.730000}
{ id: 11, name: Gutierre Cardoso Silveira Pinto, email: gutierre@10mail.org, age: 94, weight: 48.680000}
{ id: 14, name: Ivaniza Salgado Cardoso, email: ivaniza@googlemail.com, age: 63, weight: 33.260000}
{ id: 20, name: Joseane Costa Meireles, email: joseane@oligarh.ru, age: 31, weight: 60.690000}
{ id: 25, name: Larissa Alves Paraíso, email: larissa@mail2laugh.com, age: 72, weight: 107.380000}
{ id: 30, name: Macedo Cunha Viana, email: macedo@prydirect.info, age: 43, weight: 116.340000}
{ id: 28, name: Maguinolia Menezes Amorim Gomes, email: maguinolia@gotomy.com, age: 73, weight: 84.760000}
{ id: 13, name: Maiqueli Alegria Paraíso Ribeiro, email: maiqueli@outloook.com, age: 77, weight: 14.620000}
{ id: 15, name: Manoela Padilha Resende Conceição, email: manoela@dontsendmespam.de, age: 78, weight: 111.310000}
{ id: 22, name: Mariuda Goulart Gentil, email: mariuda@floridaemail.net, age: 55, weight: 22.930000}
{ id: 10, name: Mayck Beira-Mar Gomes Camilo, email: mayck@quickhosts.com, age: 24, weight: 53.960000}
{ id: 21, name: Minelvina Paraíso Freitas, email: minelvina@spamex.com, age: 80, weight: 116.560000}
{ id: 16, name: Moeses Gouveia Rocha Ramires, email: moeses@mail2michael.com, age: 14, weight: 24.640000}
{ id: 19, name: Percilia Caetano dos Reis Gomes, email: percilia@extremail.ru, age: 53, weight: 27.010000}
{ id: 18, name: Selia Salgueiro Nascimento Meireles, email: selia@mail2smile.com, age: 52, weight: 42.620000}
{ id: 24, name: Silvinho Barbosa Dias, email: silvinho@ilovechocolate.com, age: 84, weight: 92.890000}
{ id: 9, name: Tieko Monteiro Ramires Moraes, email: tieko@qwest.net, age: 11, weight: 88.850000}
{ id: 8, name: Valdecira Coutinho Córdoba Vidal, email: valdecira@singapore.com, age: 35, weight: 69.320000}
{ id: 7, name: Valeri Nascimento Ilha, email: valeri@mail2married.com, age: 63, weight: 73.320000}
{ id: 5, name: Zumerinda Camilo Pinheiro Araújo, email: zumerinda@tfz.net, age: 30, weight: 12.810000}
Ordenado por idade ---- 
{ id: 11, name: Gutierre Cardoso Silveira Pinto, email: gutierre@10mail.org, age: 94, weight: 48.680000}
{ id: 24, name: Silvinho Barbosa Dias, email: silvinho@ilovechocolate.com, age: 84, weight: 92.890000}
{ id: 21, name: Minelvina Paraíso Freitas, email: minelvina@spamex.com, age: 80, weight: 116.560000}
{ id: 27, name: Adnilton Nunes Vasconcelos, email: adnilton@ravefan.com, age: 79, weight: 83.930000}
{ id: 15, name: Manoela Padilha Resende Conceição, email: manoela@dontsendmespam.de, age: 78, weight: 111.310000}
{ id: 13, name: Maiqueli Alegria Paraíso Ribeiro, email: maiqueli@outloook.com, age: 77, weight: 14.620000}
{ id: 1, name: Delvina Leiria Ferreira, email: delvina@mail2handhelds.com, age: 76, weight: 18.460000}
{ id: 28, name: Maguinolia Menezes Amorim Gomes, email: maguinolia@gotomy.com, age: 73, weight: 84.760000}
{ id: 25, name: Larissa Alves Paraíso, email: larissa@mail2laugh.com, age: 72, weight: 107.380000}
{ id: 26, name: Celestina Vasconcelos Brites Machado, email: celestina@optician.com, age: 71, weight: 105.870000}
{ id: 17, name: Arismar Mello Salazar, email: arismar@emailaddresses.com, age: 70, weight: 82.340000}
{ id: 14, name: Ivaniza Salgado Cardoso, email: ivaniza@googlemail.com, age: 63, weight: 33.260000}
{ id: 7, name: Valeri Nascimento Ilha, email: valeri@mail2married.com, age: 63, weight: 73.320000}
{ id: 29, name: Euder Soares Xavier, email: euder@macfreak.com, age: 56, weight: 37.940000}
{ id: 22, name: Mariuda Goulart Gentil, email: mariuda@floridaemail.net, age: 55, weight: 22.930000}
{ id: 19, name: Percilia Caetano dos Reis Gomes, email: percilia@extremail.ru, age: 53, weight: 27.010000}
{ id: 18, name: Selia Salgueiro Nascimento Meireles, email: selia@mail2smile.com, age: 52, weight: 42.620000}
{ id: 30, name: Macedo Cunha Viana, email: macedo@prydirect.info, age: 43, weight: 116.340000}
{ id: 8, name: Valdecira Coutinho Córdoba Vidal, email: valdecira@singapore.com, age: 35, weight: 69.320000}
{ id: 12, name: Adriani Pinto Moura Paris, email: adriani@spambox.us, age: 35, weight: 89.690000}
{ id: 4, name: Erly Moura Pacheco, email: erly@lefortovo.net, age: 32, weight: 102.810000}
{ id: 2, name: Emily Ornélas Jesus, email: emily@2prong.com, age: 31, weight: 78.930000}
{ id: 20, name: Joseane Costa Meireles, email: joseane@oligarh.ru, age: 31, weight: 60.690000}
{ id: 5, name: Zumerinda Camilo Pinheiro Araújo, email: zumerinda@tfz.net, age: 30, weight: 12.810000}
{ id: 3, name: Eusa Morais Aguiar Flores, email: eusa@xtram.com, age: 28, weight: 18.730000}
{ id: 10, name: Mayck Beira-Mar Gomes Camilo, email: mayck@quickhosts.com, age: 24, weight: 53.960000}
{ id: 6, name: Alerrandro Jesus Santos Lopes, email: alerrandro@the-astronaut.com, age: 20, weight: 54.690000}
{ id: 16, name: Moeses Gouveia Rocha Ramires, email: moeses@mail2michael.com, age: 14, weight: 24.640000}
{ id: 23, name: Aliria Santos Portela, email: aliria@the-chinese.com, age: 11, weight: 50.790000}
{ id: 9, name: Tieko Monteiro Ramires Moraes, email: tieko@qwest.net, age: 11, weight: 88.850000}
